This is pdfTeX, Version 3.14159265-2.6-1.40.19 (TeX Live 2018/W32TeX) (preloaded format=pdflatex 2019.2.27)  30 MAR 2019 21:28
entering extended mode
 restricted \write18 enabled.
 %&-line parsing enabled.
**main.tex
(./main.tex
LaTeX2e <2018-12-01>
(c:/texlive/2018/texmf-dist/tex/latex/base/article.cls
Document Class: article 2018/09/03 v1.4i Standard LaTeX document class
(c:/texlive/2018/texmf-dist/tex/latex/base/size10.clo
File: size10.clo 2018/09/03 v1.4i Standard LaTeX file (size option)
)
\c@part=\count80
\c@section=\count81
\c@subsection=\count82
\c@subsubsection=\count83
\c@paragraph=\count84
\c@subparagraph=\count85
\c@figure=\count86
\c@table=\count87
\abovecaptionskip=\skip41
\belowcaptionskip=\skip42
\bibindent=\dimen102
)
(c:/texlive/2018/texmf-dist/tex/latex/geometry/geometry.sty
Package: geometry 2018/04/16 v5.8 Page Geometry

(c:/texlive/2018/texmf-dist/tex/latex/graphics/keyval.sty
Package: keyval 2014/10/28 v1.15 key=value parser (DPC)
\KV@toks@=\toks14
)
(c:/texlive/2018/texmf-dist/tex/generic/oberdiek/ifpdf.sty
Package: ifpdf 2018/09/07 v3.3 Provides the ifpdf switch
)
(c:/texlive/2018/texmf-dist/tex/generic/oberdiek/ifvtex.sty
Package: ifvtex 2016/05/16 v1.6 Detect VTeX and its facilities (HO)
Package ifvtex Info: VTeX not detected.
)
(c:/texlive/2018/texmf-dist/tex/generic/ifxetex/ifxetex.sty
Package: ifxetex 2010/09/12 v0.6 Provides ifxetex conditional
)
\Gm@cnth=\count88
\Gm@cntv=\count89
\c@Gm@tempcnt=\count90
\Gm@bindingoffset=\dimen103
\Gm@wd@mp=\dimen104
\Gm@odd@mp=\dimen105
\Gm@even@mp=\dimen106
\Gm@layoutwidth=\dimen107
\Gm@layoutheight=\dimen108
\Gm@layouthoffset=\dimen109
\Gm@layoutvoffset=\dimen110
\Gm@dimlist=\toks15
)
(c:/texlive/2018/texmf-dist/tex/latex/graphics/graphicx.sty
Package: graphicx 2017/06/01 v1.1a Enhanced LaTeX Graphics (DPC,SPQR)

(c:/texlive/2018/texmf-dist/tex/latex/graphics/graphics.sty
Package: graphics 2017/06/25 v1.2c Standard LaTeX Graphics (DPC,SPQR)

(c:/texlive/2018/texmf-dist/tex/latex/graphics/trig.sty
Package: trig 2016/01/03 v1.10 sin cos tan (DPC)
)
(c:/texlive/2018/texmf-dist/tex/latex/graphics-cfg/graphics.cfg
File: graphics.cfg 2016/06/04 v1.11 sample graphics configuration
)
Package graphics Info: Driver file: pdftex.def on input line 99.

(c:/texlive/2018/texmf-dist/tex/latex/graphics-def/pdftex.def
File: pdftex.def 2018/01/08 v1.0l Graphics/color driver for pdftex
))
\Gin@req@height=\dimen111
\Gin@req@width=\dimen112
)
(c:/texlive/2018/texmf-dist/tex/latex/oberdiek/grffile.sty
Package: grffile 2017/06/30 v1.18 Extended file name support for graphics (HO)

(c:/texlive/2018/texmf-dist/tex/latex/oberdiek/kvoptions.sty
Package: kvoptions 2016/05/16 v3.12 Key value format for package options (HO)

(c:/texlive/2018/texmf-dist/tex/generic/oberdiek/ltxcmds.sty
Package: ltxcmds 2016/05/16 v1.23 LaTeX kernel commands for general use (HO)
)
(c:/texlive/2018/texmf-dist/tex/generic/oberdiek/kvsetkeys.sty
Package: kvsetkeys 2016/05/16 v1.17 Key value parser (HO)

(c:/texlive/2018/texmf-dist/tex/generic/oberdiek/infwarerr.sty
Package: infwarerr 2016/05/16 v1.4 Providing info/warning/error messages (HO)
)
(c:/texlive/2018/texmf-dist/tex/generic/oberdiek/etexcmds.sty
Package: etexcmds 2016/05/16 v1.6 Avoid name clashes with e-TeX commands (HO)

(c:/texlive/2018/texmf-dist/tex/generic/oberdiek/ifluatex.sty
Package: ifluatex 2016/05/16 v1.4 Provides the ifluatex switch (HO)
Package ifluatex Info: LuaTeX not detected.
)
Package etexcmds Info: Could not find \expanded.
(etexcmds)             That can mean that you are not using pdfTeX 1.50 or
(etexcmds)             that some package has redefined \expanded.
(etexcmds)             In the latter case, load this package earlier.
)))
(c:/texlive/2018/texmf-dist/tex/generic/oberdiek/pdftexcmds.sty
Package: pdftexcmds 2018/09/10 v0.29 Utility functions of pdfTeX for LuaTeX (HO
)
Package pdftexcmds Info: LuaTeX not detected.
Package pdftexcmds Info: \pdf@primitive is available.
Package pdftexcmds Info: \pdf@ifprimitive is available.
Package pdftexcmds Info: \pdfdraftmode found.
)
Package grffile Info: Option `multidot' is set to `true'.
Package grffile Info: Option `extendedchars' is set to `false'.
Package grffile Info: Option `space' is set to `true'.
Package grffile Info: \Gin@ii of package `graphicx' fixed on input line 494.
) (./main.aux)
\openout1 = `main.aux'.

LaTeX Font Info:    Checking defaults for OML/cmm/m/it on input line 11.
LaTeX Font Info:    ... okay on input line 11.
LaTeX Font Info:    Checking defaults for T1/cmr/m/n on input line 11.
LaTeX Font Info:    ... okay on input line 11.
LaTeX Font Info:    Checking defaults for OT1/cmr/m/n on input line 11.
LaTeX Font Info:    ... okay on input line 11.
LaTeX Font Info:    Checking defaults for OMS/cmsy/m/n on input line 11.
LaTeX Font Info:    ... okay on input line 11.
LaTeX Font Info:    Checking defaults for OMX/cmex/m/n on input line 11.
LaTeX Font Info:    ... okay on input line 11.
LaTeX Font Info:    Checking defaults for U/cmr/m/n on input line 11.
LaTeX Font Info:    ... okay on input line 11.

*geometry* driver: auto-detecting
*geometry* detected driver: pdftex
*geometry* verbose mode - [ preamble ] result:
* driver: pdftex
* paper: <default>
* layout: <same size as paper>
* layoutoffset:(h,v)=(0.0pt,0.0pt)
* modes: 
* h-part:(L,W,R)=(72.26999pt, 469.75502pt, 72.26999pt)
* v-part:(T,H,B)=(72.26999pt, 650.43001pt, 72.26999pt)
* \paperwidth=614.295pt
* \paperheight=794.96999pt
* \textwidth=469.75502pt
* \textheight=650.43001pt
* \oddsidemargin=0.0pt
* \evensidemargin=0.0pt
* \topmargin=-37.0pt
* \headheight=12.0pt
* \headsep=25.0pt
* \topskip=10.0pt
* \footskip=30.0pt
* \marginparwidth=4.0pt
* \marginparsep=10.0pt
* \columnsep=10.0pt
* \skip\footins=9.0pt plus 4.0pt minus 2.0pt
* \hoffset=0.0pt
* \voffset=0.0pt
* \mag=1000
* \@twocolumntrue
* \@twosidefalse
* \@mparswitchfalse
* \@reversemarginfalse
* (1in=72.27pt=25.4mm, 1cm=28.453pt)

(c:/texlive/2018/texmf-dist/tex/context/base/mkii/supp-pdf.mkii
[Loading MPS to PDF converter (version 2006.09.02).]
\scratchcounter=\count91
\scratchdimen=\dimen113
\scratchbox=\box27
\nofMPsegments=\count92
\nofMParguments=\count93
\everyMPshowfont=\toks16
\MPscratchCnt=\count94
\MPscratchDim=\dimen114
\MPnumerator=\count95
\makeMPintoPDFobject=\count96
\everyMPtoPDFconversion=\toks17
) (c:/texlive/2018/texmf-dist/tex/latex/oberdiek/epstopdf-base.sty
Package: epstopdf-base 2016/05/15 v2.6 Base part for package epstopdf

(c:/texlive/2018/texmf-dist/tex/latex/oberdiek/grfext.sty
Package: grfext 2016/05/16 v1.2 Manage graphics extensions (HO)

(c:/texlive/2018/texmf-dist/tex/generic/oberdiek/kvdefinekeys.sty
Package: kvdefinekeys 2016/05/16 v1.4 Define keys (HO)
))
Package epstopdf-base Info: Redefining graphics rule for `.eps' on input line 4
38.
Package grfext Info: Graphics extension search list:
(grfext)             [.pdf,.png,.jpg,.mps,.jpeg,.jbig2,.jb2,.PDF,.PNG,.JPG,.JPE
G,.JBIG2,.JB2,.eps]
(grfext)             \AppendGraphicsExtensions on input line 456.

(c:/texlive/2018/texmf-dist/tex/latex/latexconfig/epstopdf-sys.cfg
File: epstopdf-sys.cfg 2010/07/13 v1.3 Configuration of (r)epstopdf for TeX Liv
e
))
LaTeX Font Info:    External font `cmex10' loaded for size
(Font)              <12> on input line 20.
LaTeX Font Info:    External font `cmex10' loaded for size
(Font)              <8> on input line 20.
LaTeX Font Info:    External font `cmex10' loaded for size
(Font)              <6> on input line 20.
<C:/John/LaTeX/Scioly/Protein/main/images/console.png, id=1, 522.45187pt x 426.
09187pt>
File: C:/John/LaTeX/Scioly/Protein/main/images/console.png Graphic file (type p
ng)
<use C:/John/LaTeX/Scioly/Protein/main/images/console.png>
Package pdftex.def Info: C:/John/LaTeX/Scioly/Protein/main/images/console.png  
used on input line 30.
(pdftex.def)             Requested size: 208.97704pt x 170.43372pt.
<C:/John/LaTeX/Scioly/Protein/main/images/console-1.jpg, id=3, 480.29437pt x 30
3.38344pt>
File: C:/John/LaTeX/Scioly/Protein/main/images/console-1.jpg Graphic file (type
 jpg)
<use C:/John/LaTeX/Scioly/Protein/main/images/console-1.jpg>
Package pdftex.def Info: C:/John/LaTeX/Scioly/Protein/main/images/console-1.jpg
  used on input line 36.
(pdftex.def)             Requested size: 216.13046pt x 136.52127pt.
LaTeX Font Info:    Try loading font information for OT1+qcr on input line 39.

(c:/texlive/2018/texmf-dist/tex/latex/tex-gyre/ot1qcr.fd
File: ot1qcr.fd 2009/09/25 v1.2 font definition file for OT1/qcr
) [1{c:/texlive/2018/texmf-var/fonts/map/pdftex/updmap/pdftex.map}


 <c:/John/LaTeX/Scioly/Protein/main/images/console.png> <c:/John/LaTeX/Scioly/P
rotein/main/images/console-1.JPG>]
<C:/John/LaTeX/Scioly/Protein/main/images/suspension.jpg, id=17, 2311.88719pt x
 2384.15718pt>
File: C:/John/LaTeX/Scioly/Protein/main/images/suspension.jpg Graphic file (typ
e jpg)
<use C:/John/LaTeX/Scioly/Protein/main/images/suspension.jpg>
Package pdftex.def Info: C:/John/LaTeX/Scioly/Protein/main/images/suspension.jp
g  used on input line 49.
(pdftex.def)             Requested size: 208.06087pt x 214.56488pt.
<C:/John/LaTeX/Scioly/Protein/main/images/states.jpg, id=18, 3626.54875pt x 293
9.98375pt>
File: C:/John/LaTeX/Scioly/Protein/main/images/states.jpg Graphic file (type jp
g)
<use C:/John/LaTeX/Scioly/Protein/main/images/states.jpg>
Package pdftex.def Info: C:/John/LaTeX/Scioly/Protein/main/images/states.jpg  u
sed on input line 55.
(pdftex.def)             Requested size: 217.58354pt x 176.39142pt.
<C:/John/LaTeX/Scioly/Protein/main/images/onsite.jpg, id=19, 386.19281pt x 410.
2828pt>
File: C:/John/LaTeX/Scioly/Protein/main/images/onsite.jpg Graphic file (type jp
g)
<use C:/John/LaTeX/Scioly/Protein/main/images/onsite.jpg>
Package pdftex.def Info: C:/John/LaTeX/Scioly/Protein/main/images/onsite.jpg  u
sed on input line 67.
(pdftex.def)             Requested size: 193.09592pt x 205.1409pt.
<C:/John/LaTeX/Scioly/Protein/main/images/materials.jpg, id=20, 3070.47125pt x 
2510.37875pt>
File: C:/John/LaTeX/Scioly/Protein/main/images/materials.jpg Graphic file (type
 jpg)
<use C:/John/LaTeX/Scioly/Protein/main/images/materials.jpg>
Package pdftex.def Info: C:/John/LaTeX/Scioly/Protein/main/images/materials.jpg
  used on input line 74.
(pdftex.def)             Requested size: 214.95494pt x 175.74446pt.


LaTeX Warning: `!h' float specifier changed to `!ht'.

LaTeX Font Info:    External font `cmex10' loaded for size
(Font)              <7> on input line 78.
LaTeX Font Info:    External font `cmex10' loaded for size
(Font)              <5> on input line 78.
[2 <c:/John/LaTeX/Scioly/Protein/main/images/suspension.jpg> <c:/John/LaTeX/Sci
oly/Protein/main/images/states.jpg> <c:/John/LaTeX/Scioly/Protein/main/images/o
nsite.JPG>]
<C:/John/LaTeX/Scioly/Protein/main/images/helix.jpg, id=24, 3066.45625pt x 2763
.32375pt>
File: C:/John/LaTeX/Scioly/Protein/main/images/helix.jpg Graphic file (type jpg
)
<use C:/John/LaTeX/Scioly/Protein/main/images/helix.jpg>
Package pdftex.def Info: C:/John/LaTeX/Scioly/Protein/main/images/helix.jpg  us
ed on input line 86.
(pdftex.def)             Requested size: 214.67387pt x 193.45242pt.


LaTeX Warning: `!h' float specifier changed to `!ht'.

<C:/John/LaTeX/Scioly/Protein/main/images/sheet.jpg, id=25, 3074.48625pt x 1655
.18375pt>
File: C:/John/LaTeX/Scioly/Protein/main/images/sheet.jpg Graphic file (type jpg
)
<use C:/John/LaTeX/Scioly/Protein/main/images/sheet.jpg>
Package pdftex.def Info: C:/John/LaTeX/Scioly/Protein/main/images/sheet.jpg  us
ed on input line 94.
(pdftex.def)             Requested size: 215.23602pt x 115.8747pt.

LaTeX Warning: `!h' float specifier changed to `!ht'.

<C:/John/LaTeX/Scioly/Protein/main/images/direct.jpg, id=26, 373.395pt x 213.79
875pt>
File: C:/John/LaTeX/Scioly/Protein/main/images/direct.jpg Graphic file (type jp
g)
<use C:/John/LaTeX/Scioly/Protein/main/images/direct.jpg>
Package pdftex.def Info: C:/John/LaTeX/Scioly/Protein/main/images/direct.jpg  u
sed on input line 102.
(pdftex.def)             Requested size: 205.36787pt x 117.58966pt.
<C:/John/LaTeX/Scioly/Protein/main/images/finished.jpg, id=27, 2181.14874pt x 2
406.9925pt>
File: C:/John/LaTeX/Scioly/Protein/main/images/finished.jpg Graphic file (type 
jpg)
<use C:/John/LaTeX/Scioly/Protein/main/images/finished.jpg>
Package pdftex.def Info: C:/John/LaTeX/Scioly/Protein/main/images/finished.jpg 
 used on input line 108.
(pdftex.def)             Requested size: 170.13557pt x 187.752pt.

LaTeX Warning: `!h' float specifier changed to `!ht'.


Underfull \vbox (badness 1242) has occurred while \output is active []

 [3 <c:/John/LaTeX/Scioly/Protein/main/images/materials.jpg> <c:/John/LaTeX/Sci
oly/Protein/main/images/helix.jpg> <c:/John/LaTeX/Scioly/Protein/main/images/sh
eet.jpg>]
LaTeX Font Info:    Try loading font information for OMS+cmr on input line 112.


(c:/texlive/2018/texmf-dist/tex/latex/base/omscmr.fd
File: omscmr.fd 2014/09/29 v2.5h Standard LaTeX font definitions
)
LaTeX Font Info:    Font shape `OMS/cmr/m/n' in size <10> not available
(Font)              Font shape `OMS/cmsy/m/n' tried instead on input line 112.
 [4 <c:/John/LaTeX/Scioly/Protein/main/images/direct.JPG> <c:/John/LaTeX/Scioly
/Protein/main/images/finished.jpg>] [5

] [6


] (./main.aux) ) 
Here is how much of TeX's memory you used:
 2091 strings out of 492616
 32132 string characters out of 6132783
 106817 words of memory out of 5000000
 5989 multiletter control sequences out of 15000+600000
 8864 words of font info for 31 fonts, out of 8000000 for 9000
 1141 hyphenation exceptions out of 8191
 36i,7n,32p,861b,225s stack positions out of 5000i,500n,10000p,200000b,80000s
{c:/texlive/2018/texmf-dist/fonts/enc/dvips/tex-gyre/q-rmm.enc}
<c:/texlive/2018/texmf-dist/fonts/type1/public/amsfonts/cm/cmbx12.pfb><c:/texli
ve/2018/texmf-dist/fonts/type1/public/amsfonts/cm/cmbx9.pfb><c:/texlive/2018/te
xmf-dist/fonts/type1/public/amsfonts/cm/cmr10.pfb><c:/texlive/2018/texmf-dist/f
onts/type1/public/amsfonts/cm/cmr12.pfb><c:/texlive/2018/texmf-dist/fonts/type1
/public/amsfonts/cm/cmr17.pfb><c:/texlive/2018/texmf-dist/fonts/type1/public/am
sfonts/cm/cmr7.pfb><c:/texlive/2018/texmf-dist/fonts/type1/public/amsfonts/cm/c
mr9.pfb><c:/texlive/2018/texmf-dist/fonts/type1/public/amsfonts/cm/cmsy10.pfb><
c:/texlive/2018/texmf-dist/fonts/type1/public/amsfonts/cm/cmti10.pfb><c:/texliv
e/2018/texmf-dist/fonts/type1/public/tex-gyre/qcrr.pfb>
Output written on main.pdf (6 pages, 9937631 bytes).
PDF statistics:
 76 PDF objects out of 1000 (max. 8388607)
 46 compressed objects within 1 object stream
 0 named destinations out of 1000 (max. 500000)
 51 words of extra memory for PDF output out of 10000 (max. 10000000)

